<?xml version="1.0" encoding="UTF-8"?>
<!-- Generated by org.testng.reporters.JUnitXMLReporter -->
<testsuite hostname="qh11284374" name="Test" tests="6" failures="0" timestamp="11 Jun 2018 03:05:31 GMT" time="48.428" errors="0">
  <testcase name="Second" time="0.008" classname="Swift.Apptest2"/>
  <testcase name="launchSwiftIE" time="6.888" classname="Swift.AppTest"/>
  <testcase name="verifyElements" time="1.014" classname="Swift.AppTest"/>
  <testcase name="logIn" time="2.1" classname="Swift.AppTest"/>
  <testcase name="checktabs" time="32.515" classname="Swift.AppTest"/>
  <testcase name="logOUT" time="0.866" classname="Swift.AppTest"/>
</testsuite> <!-- Test -->
