<?xml version="1.0" encoding="UTF-8"?>
<!-- Generated by org.testng.reporters.JUnitXMLReporter -->
<testsuite hostname="qh11284374" name="Apptest4" tests="4" failures="4" timestamp="18 Jul 2018 23:20:04 GMT" time="8.256" errors="0">
  <testcase name="@AfterClass quitall" time="0.0" classname="Swift.Apptest4">
    <failure type="java.lang.NullPointerException">
      <![CDATA[java.lang.NullPointerException
	at Swift.Apptest4.quitall(Apptest4.java:142)
	at java.util.concurrent.FutureTask.run(Unknown Source)
	at java.util.concurrent.ThreadPoolExecutor.runWorker(Unknown Source)
	at java.util.concurrent.ThreadPoolExecutor$Worker.run(Unknown Source)
	at java.lang.Thread.run(Unknown Source)
... Removed 16 stack frames]]>
    </failure>
  </testcase> <!-- @AfterClass quitall -->
  <testcase name="launchSwiftIE1" time="0.15" classname="Swift.Apptest4">
    <failure type="java.lang.IllegalArgumentException" message="No enum constant org.openqa.selenium.ie.InternetExplorerDriverLogLevel.NULL">
      <![CDATA[java.lang.IllegalArgumentException: No enum constant org.openqa.selenium.ie.InternetExplorerDriverLogLevel.NULL
	at java.lang.Enum.valueOf(Unknown Source)
	at org.openqa.selenium.ie.InternetExplorerDriverLogLevel.valueOf(InternetExplorerDriverLogLevel.java:20)
	at org.openqa.selenium.ie.InternetExplorerDriverService$Builder.createArgs(InternetExplorerDriverService.java:185)
	at org.openqa.selenium.remote.service.DriverService$Builder.build(DriverService.java:338)
	at org.openqa.selenium.ie.InternetExplorerDriver.setupService(InternetExplorerDriver.java:291)
	at org.openqa.selenium.ie.InternetExplorerDriver.<init>(InternetExplorerDriver.java:213)
	at org.openqa.selenium.ie.InternetExplorerDriver.<init>(InternetExplorerDriver.java:152)
	at com.Swift.java.Base.fn_LaunchBrowser(Base.java:166)
	at Swift.Apptest4.launchSwiftIE1(Apptest4.java:20)
	at java.util.concurrent.FutureTask.run(Unknown Source)
	at java.util.concurrent.ThreadPoolExecutor.runWorker(Unknown Source)
	at java.util.concurrent.ThreadPoolExecutor$Worker.run(Unknown Source)
	at java.lang.Thread.run(Unknown Source)
... Removed 16 stack frames]]>
    </failure>
  </testcase> <!-- launchSwiftIE1 -->
  <testcase name="login" time="0.007" classname="Swift.Apptest4">
    <failure type="java.lang.NullPointerException">
      <![CDATA[java.lang.NullPointerException
	at Swift.Apptest4.login(Apptest4.java:34)
	at java.util.concurrent.FutureTask.run(Unknown Source)
	at java.util.concurrent.ThreadPoolExecutor.runWorker(Unknown Source)
	at java.util.concurrent.ThreadPoolExecutor$Worker.run(Unknown Source)
	at java.lang.Thread.run(Unknown Source)
... Removed 16 stack frames]]>
    </failure>
  </testcase> <!-- login -->
  <testcase name="login1" time="0.007" classname="Swift.Apptest4">
    <failure type="java.lang.IllegalArgumentException" message="No enum constant org.openqa.selenium.ie.InternetExplorerDriverLogLevel.NULL">
      <![CDATA[java.lang.IllegalArgumentException: No enum constant org.openqa.selenium.ie.InternetExplorerDriverLogLevel.NULL
	at java.lang.Enum.valueOf(Unknown Source)
	at org.openqa.selenium.ie.InternetExplorerDriverLogLevel.valueOf(InternetExplorerDriverLogLevel.java:20)
	at org.openqa.selenium.ie.InternetExplorerDriverService$Builder.createArgs(InternetExplorerDriverService.java:185)
	at org.openqa.selenium.remote.service.DriverService$Builder.build(DriverService.java:338)
	at org.openqa.selenium.ie.InternetExplorerDriver.setupService(InternetExplorerDriver.java:291)
	at org.openqa.selenium.ie.InternetExplorerDriver.<init>(InternetExplorerDriver.java:213)
	at org.openqa.selenium.ie.InternetExplorerDriver.<init>(InternetExplorerDriver.java:152)
	at com.Swift.java.Base.fn_LaunchBrowser(Base.java:166)
	at Swift.Apptest4.launchSwiftIE1(Apptest4.java:20)
	at Swift.Apptest4.login1(Apptest4.java:63)
	at java.util.concurrent.FutureTask.run(Unknown Source)
	at java.util.concurrent.ThreadPoolExecutor.runWorker(Unknown Source)
	at java.util.concurrent.ThreadPoolExecutor$Worker.run(Unknown Source)
	at java.lang.Thread.run(Unknown Source)
... Removed 16 stack frames]]>
    </failure>
  </testcase> <!-- login1 -->
  <testcase name="login2" time="0.008" classname="Swift.Apptest4">
    <failure type="java.lang.IllegalArgumentException" message="No enum constant org.openqa.selenium.ie.InternetExplorerDriverLogLevel.NULL">
      <![CDATA[java.lang.IllegalArgumentException: No enum constant org.openqa.selenium.ie.InternetExplorerDriverLogLevel.NULL
	at java.lang.Enum.valueOf(Unknown Source)
	at org.openqa.selenium.ie.InternetExplorerDriverLogLevel.valueOf(InternetExplorerDriverLogLevel.java:20)
	at org.openqa.selenium.ie.InternetExplorerDriverService$Builder.createArgs(InternetExplorerDriverService.java:185)
	at org.openqa.selenium.remote.service.DriverService$Builder.build(DriverService.java:338)
	at org.openqa.selenium.ie.InternetExplorerDriver.setupService(InternetExplorerDriver.java:291)
	at org.openqa.selenium.ie.InternetExplorerDriver.<init>(InternetExplorerDriver.java:213)
	at org.openqa.selenium.ie.InternetExplorerDriver.<init>(InternetExplorerDriver.java:152)
	at com.Swift.java.Base.fn_LaunchBrowser(Base.java:166)
	at Swift.Apptest4.launchSwiftIE1(Apptest4.java:20)
	at Swift.Apptest4.login2(Apptest4.java:93)
	at java.util.concurrent.FutureTask.run(Unknown Source)
	at java.util.concurrent.ThreadPoolExecutor.runWorker(Unknown Source)
	at java.util.concurrent.ThreadPoolExecutor$Worker.run(Unknown Source)
	at java.lang.Thread.run(Unknown Source)
... Removed 16 stack frames]]>
    </failure>
  </testcase> <!-- login2 -->
</testsuite> <!-- Apptest4 -->
